0 verbose cli [ '/usr/local/bin/node', '/usr/local/bin/npm', 'run', 'start' ]
1 info using npm@7.6.0
2 info using node@v15.11.0
3 timing config:load:defaults Completed in 1ms
4 timing config:load:file:/usr/local/lib/node_modules/npm/npmrc Completed in 1ms
5 timing config:load:builtin Completed in 1ms
6 timing config:load:cli Completed in 1ms
7 timing config:load:env Completed in 0ms
8 timing config:load:project Completed in 1ms
9 timing config:load:file:/home/node/.npmrc Completed in 0ms
10 timing config:load:user Completed in 0ms
11 timing config:load:file:/usr/local/etc/npmrc Completed in 0ms
12 timing config:load:global Completed in 0ms
13 timing config:load:cafile Completed in 0ms
14 timing config:load:validate Completed in 0ms
15 timing config:load:setUserAgent Completed in 1ms
16 timing config:load:setEnvs Completed in 1ms
17 timing config:load Completed in 6ms
18 verbose npm-session 81290cc711e3e38d
19 timing npm:load Completed in 13ms
20 http fetch GET 200 https://registry.npmjs.org/npm 484ms
21 timing command:run-script Completed in 61244ms
22 notice New minor version of npm available! 7.6.0 -> 7.19.0
22 notice Changelog: <https://github.com/npm/cli/releases/tag/v7.19.0>
22 notice Run `npm install -g npm@7.19.0` to update!
23 verbose stack Error: command failed
23 verbose stack     at ChildProcess.<anonymous> (/usr/local/lib/node_modules/npm/node_modules/@npmcli/promise-spawn/index.js:64:27)
23 verbose stack     at ChildProcess.emit (node:events:378:20)
23 verbose stack     at maybeClose (node:internal/child_process:1067:16)
23 verbose stack     at Process.ChildProcess._handle.onexit (node:internal/child_process:301:5)
24 verbose pkgid frontend@0.1.0
25 verbose cwd /home/node
26 verbose Linux 5.12.9-1-MANJARO
27 verbose argv "/usr/local/bin/node" "/usr/local/bin/npm" "run" "start"
28 verbose node v15.11.0
29 verbose npm  v7.6.0
30 error path /home/node
31 error command failed
32 error signal SIGINT
33 error command sh -c react-scripts start
34 verbose exit 1
